{"/Users/bruno.rilla/Documents/ecommerce/frontend/src/App.tsx": {"path":"/Users/bruno.rilla/Documents/ecommerce/frontend/src/App.tsx","all":true,"statementMap":{"0":{"start":{"line":1,"column":0},"end":{"line":1,"column":74}},"1":{"start":{"line":2,"column":0},"end":{"line":2,"column":40}},"2":{"start":{"line":3,"column":0},"end":{"line":3,"column":58}},"3":{"start":{"line":4,"column":0},"end":{"line":4,"column":58}},"4":{"start":{"line":5,"column":0},"end":{"line":5,"column":45}},"6":{"start":{"line":7,"column":0},"end":{"line":7,"column":16}},"7":{"start":{"line":8,"column":0},"end":{"line":8,"column":12}},"8":{"start":{"line":9,"column":0},"end":{"line":9,"column":16}},"9":{"start":{"line":10,"column":0},"end":{"line":10,"column":22}},"10":{"start":{"line":11,"column":0},"end":{"line":11,"column":20}},"11":{"start":{"line":12,"column":0},"end":{"line":12,"column":57}},"12":{"start":{"line":13,"column":0},"end":{"line":13,"column":71}},"13":{"start":{"line":14,"column":0},"end":{"line":14,"column":75}},"14":{"start":{"line":15,"column":0},"end":{"line":15,"column":21}},"15":{"start":{"line":16,"column":0},"end":{"line":16,"column":17}},"17":{"start":{"line":18,"column":0},"end":{"line":18,"column":1}},"19":{"start":{"line":20,"column":0},"end":{"line":20,"column":19}}},"s":{"0":0,"1":0,"2":0,"3":0,"4":0,"6":0,"7":0,"8":0,"9":0,"10":0,"11":0,"12":0,"13":0,"14":0,"15":0,"17":0,"19":0},"branchMap":{"0":{"type":"branch","line":1,"loc":{"start":{"line":1,"column":340},"end":{"line":20,"column":-349}},"locations":[{"start":{"line":1,"column":340},"end":{"line":20,"column":-349}}]}},"b":{"0":[0]},"fnMap":{"0":{"name":"(empty-report)","decl":{"start":{"line":1,"column":340},"end":{"line":20,"column":-349}},"loc":{"start":{"line":1,"column":340},"end":{"line":20,"column":-349}},"line":1}},"f":{"0":0}}
,"/Users/bruno.rilla/Documents/ecommerce/frontend/src/i18n.ts": {"path":"/Users/bruno.rilla/Documents/ecommerce/frontend/src/i18n.ts","all":true,"statementMap":{"0":{"start":{"line":1,"column":0},"end":{"line":1,"column":27}},"1":{"start":{"line":2,"column":0},"end":{"line":2,"column":49}},"3":{"start":{"line":4,"column":0},"end":{"line":4,"column":35}},"4":{"start":{"line":5,"column":0},"end":{"line":5,"column":35}},"5":{"start":{"line":6,"column":0},"end":{"line":6,"column":35}},"7":{"start":{"line":8,"column":0},"end":{"line":8,"column":4}},"8":{"start":{"line":9,"column":0},"end":{"line":9,"column":26}},"9":{"start":{"line":10,"column":0},"end":{"line":10,"column":11}},"10":{"start":{"line":11,"column":0},"end":{"line":11,"column":20}},"11":{"start":{"line":12,"column":0},"end":{"line":12,"column":36}},"12":{"start":{"line":13,"column":0},"end":{"line":13,"column":36}},"13":{"start":{"line":14,"column":0},"end":{"line":14,"column":36}},"14":{"start":{"line":15,"column":0},"end":{"line":15,"column":10}},"15":{"start":{"line":16,"column":0},"end":{"line":16,"column":18}},"16":{"start":{"line":17,"column":0},"end":{"line":17,"column":26}},"17":{"start":{"line":18,"column":0},"end":{"line":18,"column":46}},"18":{"start":{"line":19,"column":0},"end":{"line":19,"column":7}},"20":{"start":{"line":21,"column":0},"end":{"line":21,"column":20}}},"s":{"0":0,"1":0,"3":0,"4":0,"5":0,"7":0,"8":0,"9":0,"10":0,"11":0,"12":0,"13":0,"14":0,"15":0,"16":0,"17":0,"18":0,"20":0},"branchMap":{"0":{"type":"branch","line":1,"loc":{"start":{"line":1,"column":0},"end":{"line":21,"column":-291}},"locations":[{"start":{"line":1,"column":0},"end":{"line":21,"column":-291}}]}},"b":{"0":[0]},"fnMap":{"0":{"name":"(empty-report)","decl":{"start":{"line":1,"column":0},"end":{"line":21,"column":-291}},"loc":{"start":{"line":1,"column":0},"end":{"line":21,"column":-291}},"line":1}},"f":{"0":0}}
,"/Users/bruno.rilla/Documents/ecommerce/frontend/src/main.tsx": {"path":"/Users/bruno.rilla/Documents/ecommerce/frontend/src/main.tsx","all":true,"statementMap":{"0":{"start":{"line":1,"column":0},"end":{"line":1,"column":26}},"1":{"start":{"line":2,"column":0},"end":{"line":2,"column":40}},"2":{"start":{"line":3,"column":0},"end":{"line":3,"column":39}},"3":{"start":{"line":4,"column":0},"end":{"line":4,"column":28}},"4":{"start":{"line":5,"column":0},"end":{"line":5,"column":24}},"5":{"start":{"line":6,"column":0},"end":{"line":6,"column":16}},"7":{"start":{"line":8,"column":0},"end":{"line":8,"column":61}},"8":{"start":{"line":9,"column":0},"end":{"line":9,"column":22}},"9":{"start":{"line":10,"column":0},"end":{"line":10,"column":32}},"10":{"start":{"line":11,"column":0},"end":{"line":11,"column":19}},"11":{"start":{"line":12,"column":0},"end":{"line":12,"column":19}},"12":{"start":{"line":13,"column":0},"end":{"line":13,"column":23}},"13":{"start":{"line":14,"column":0},"end":{"line":14,"column":2}}},"s":{"0":0,"1":0,"2":0,"3":0,"4":0,"5":0,"7":0,"8":0,"9":0,"10":0,"11":0,"12":0,"13":0},"branchMap":{"0":{"type":"branch","line":1,"loc":{"start":{"line":1,"column":310},"end":{"line":14,"column":-255}},"locations":[{"start":{"line":1,"column":310},"end":{"line":14,"column":-255}}]}},"b":{"0":[0]},"fnMap":{"0":{"name":"(empty-report)","decl":{"start":{"line":1,"column":310},"end":{"line":14,"column":-255}},"loc":{"start":{"line":1,"column":310},"end":{"line":14,"column":-255}},"line":1}},"f":{"0":0}}
,"/Users/bruno.rilla/Documents/ecommerce/frontend/src/adapters/productAdapter.ts": {"path":"/Users/bruno.rilla/Documents/ecommerce/frontend/src/adapters/productAdapter.ts","all":false,"statementMap":{"39":{"start":{"line":40,"column":0},"end":{"line":40,"column":83}},"40":{"start":{"line":41,"column":0},"end":{"line":41,"column":46}},"41":{"start":{"line":42,"column":0},"end":{"line":42,"column":23}},"42":{"start":{"line":43,"column":0},"end":{"line":43,"column":29}},"43":{"start":{"line":44,"column":0},"end":{"line":44,"column":67}},"44":{"start":{"line":45,"column":0},"end":{"line":45,"column":34}},"45":{"start":{"line":46,"column":0},"end":{"line":46,"column":37}},"46":{"start":{"line":47,"column":0},"end":{"line":47,"column":43}},"47":{"start":{"line":48,"column":0},"end":{"line":48,"column":8}},"48":{"start":{"line":49,"column":0},"end":{"line":49,"column":2}},"50":{"start":{"line":51,"column":0},"end":{"line":51,"column":93}},"51":{"start":{"line":52,"column":0},"end":{"line":52,"column":26}},"52":{"start":{"line":53,"column":0},"end":{"line":53,"column":32}},"53":{"start":{"line":54,"column":0},"end":{"line":54,"column":77}},"54":{"start":{"line":55,"column":0},"end":{"line":55,"column":37}},"55":{"start":{"line":56,"column":0},"end":{"line":56,"column":40}},"56":{"start":{"line":57,"column":0},"end":{"line":57,"column":47}},"57":{"start":{"line":58,"column":0},"end":{"line":58,"column":47}},"58":{"start":{"line":59,"column":0},"end":{"line":59,"column":44}},"59":{"start":{"line":60,"column":0},"end":{"line":60,"column":41}},"60":{"start":{"line":61,"column":0},"end":{"line":61,"column":3}}},"s":{"39":1,"40":5,"41":21,"42":21,"43":21,"44":21,"45":21,"46":21,"47":5,"48":5,"50":1,"51":1,"52":1,"53":1,"54":1,"55":1,"56":1,"57":1,"58":1,"59":1,"60":1},"branchMap":{"0":{"type":"branch","line":40,"loc":{"start":{"line":40,"column":32},"end":{"line":49,"column":2}},"locations":[{"start":{"line":40,"column":32},"end":{"line":49,"column":2}}]},"1":{"type":"branch","line":41,"loc":{"start":{"line":41,"column":31},"end":{"line":48,"column":6}},"locations":[{"start":{"line":41,"column":31},"end":{"line":48,"column":6}}]},"2":{"type":"branch","line":51,"loc":{"start":{"line":51,"column":34},"end":{"line":61,"column":3}},"locations":[{"start":{"line":51,"column":34},"end":{"line":61,"column":3}}]}},"b":{"0":[5],"1":[21],"2":[1]},"fnMap":{"0":{"name":"adaptProductList","decl":{"start":{"line":40,"column":32},"end":{"line":49,"column":2}},"loc":{"start":{"line":40,"column":32},"end":{"line":49,"column":2}},"line":40},"1":{"name":"adaptProductDetail","decl":{"start":{"line":51,"column":34},"end":{"line":61,"column":3}},"loc":{"start":{"line":51,"column":34},"end":{"line":61,"column":3}},"line":51}},"f":{"0":5,"1":1}}
,"/Users/bruno.rilla/Documents/ecommerce/frontend/src/components/Breadcrumb.tsx": {"path":"/Users/bruno.rilla/Documents/ecommerce/frontend/src/components/Breadcrumb.tsx","all":false,"statementMap":{"0":{"start":{"line":1,"column":0},"end":{"line":1,"column":45}},"2":{"start":{"line":3,"column":0},"end":{"line":3,"column":39}},"9":{"start":{"line":10,"column":0},"end":{"line":10,"column":55}},"10":{"start":{"line":11,"column":0},"end":{"line":11,"column":40}},"11":{"start":{"line":12,"column":0},"end":{"line":12,"column":34}},"12":{"start":{"line":13,"column":0},"end":{"line":13,"column":57}},"13":{"start":{"line":14,"column":0},"end":{"line":14,"column":39}},"14":{"start":{"line":15,"column":0},"end":{"line":15,"column":54}},"15":{"start":{"line":16,"column":0},"end":{"line":16,"column":9}},"16":{"start":{"line":17,"column":0},"end":{"line":17,"column":6}},"18":{"start":{"line":19,"column":0},"end":{"line":19,"column":12}},"19":{"start":{"line":20,"column":0},"end":{"line":20,"column":76}},"20":{"start":{"line":21,"column":0},"end":{"line":21,"column":39}},"21":{"start":{"line":22,"column":0},"end":{"line":22,"column":54}},"22":{"start":{"line":23,"column":0},"end":{"line":23,"column":72}},"23":{"start":{"line":24,"column":0},"end":{"line":24,"column":91}},"24":{"start":{"line":25,"column":0},"end":{"line":25,"column":54}},"25":{"start":{"line":26,"column":0},"end":{"line":26,"column":82}},"27":{"start":{"line":28,"column":0},"end":{"line":28,"column":43}},"28":{"start":{"line":29,"column":0},"end":{"line":29,"column":70}},"29":{"start":{"line":30,"column":0},"end":{"line":30,"column":80}},"30":{"start":{"line":31,"column":0},"end":{"line":31,"column":68}},"32":{"start":{"line":33,"column":0},"end":{"line":33,"column":47}},"33":{"start":{"line":34,"column":0},"end":{"line":34,"column":45}},"35":{"start":{"line":36,"column":0},"end":{"line":36,"column":25}},"36":{"start":{"line":37,"column":0},"end":{"line":37,"column":19}},"37":{"start":{"line":38,"column":0},"end":{"line":38,"column":17}},"38":{"start":{"line":39,"column":0},"end":{"line":39,"column":14}},"40":{"start":{"line":41,"column":0},"end":{"line":41,"column":2}},"42":{"start":{"line":43,"column":0},"end":{"line":43,"column":26}},"45":{"start":{"line":46,"column":0},"end":{"line":46,"column":62}},"50":{"start":{"line":51,"column":0},"end":{"line":51,"column":69}},"51":{"start":{"line":52,"column":0},"end":{"line":52,"column":77}},"54":{"start":{"line":55,"column":0},"end":{"line":55,"column":81}}},"s":{"0":1,"2":1,"9":1,"10":5,"11":4,"12":4,"13":1,"14":1,"15":1,"16":1,"18":4,"19":4,"20":4,"21":4,"22":6,"23":6,"24":6,"25":1,"27":5,"28":5,"29":5,"30":5,"32":5,"33":5,"35":6,"36":4,"37":4,"38":4,"40":4,"42":1,"45":1,"50":1,"51":1,"54":1},"branchMap":{"0":{"type":"branch","line":10,"loc":{"start":{"line":10,"column":19},"end":{"line":41,"column":2}},"locations":[{"start":{"line":10,"column":19},"end":{"line":41,"column":2}}]},"1":{"type":"branch","line":11,"loc":{"start":{"line":11,"column":28},"end":{"line":11,"column":40}},"locations":[{"start":{"line":11,"column":28},"end":{"line":11,"column":40}}]},"2":{"type":"branch","line":11,"loc":{"start":{"line":11,"column":35},"end":{"line":41,"column":2}},"locations":[{"start":{"line":11,"column":35},"end":{"line":41,"column":2}}]},"3":{"type":"branch","line":13,"loc":{"start":{"line":13,"column":32},"end":{"line":17,"column":6}},"locations":[{"start":{"line":13,"column":32},"end":{"line":17,"column":6}}]},"4":{"type":"branch","line":22,"loc":{"start":{"line":22,"column":32},"end":{"line":36,"column":25}},"locations":[{"start":{"line":22,"column":32},"end":{"line":36,"column":25}}]},"5":{"type":"branch","line":24,"loc":{"start":{"line":24,"column":35},"end":{"line":24,"column":91}},"locations":[{"start":{"line":24,"column":35},"end":{"line":24,"column":91}}]},"6":{"type":"branch","line":25,"loc":{"start":{"line":25,"column":41},"end":{"line":26,"column":82}},"locations":[{"start":{"line":25,"column":41},"end":{"line":26,"column":82}}]},"7":{"type":"branch","line":26,"loc":{"start":{"line":26,"column":75},"end":{"line":34,"column":45}},"locations":[{"start":{"line":26,"column":75},"end":{"line":34,"column":45}}]},"8":{"type":"branch","line":30,"loc":{"start":{"line":30,"column":41},"end":{"line":30,"column":80}},"locations":[{"start":{"line":30,"column":41},"end":{"line":30,"column":80}}]},"9":{"type":"branch","line":51,"loc":{"start":{"line":51,"column":14},"end":{"line":51,"column":67}},"locations":[{"start":{"line":51,"column":14},"end":{"line":51,"column":67}}]},"10":{"type":"branch","line":51,"loc":{"start":{"line":51,"column":32},"end":{"line":51,"column":57}},"locations":[{"start":{"line":51,"column":32},"end":{"line":51,"column":57}}]},"11":{"type":"branch","line":52,"loc":{"start":{"line":52,"column":23},"end":{"line":52,"column":75}},"locations":[{"start":{"line":52,"column":23},"end":{"line":52,"column":75}}]},"12":{"type":"branch","line":52,"loc":{"start":{"line":52,"column":41},"end":{"line":52,"column":63}},"locations":[{"start":{"line":52,"column":41},"end":{"line":52,"column":63}}]},"13":{"type":"branch","line":55,"loc":{"start":{"line":55,"column":27},"end":{"line":55,"column":79}},"locations":[{"start":{"line":55,"column":27},"end":{"line":55,"column":79}}]},"14":{"type":"branch","line":55,"loc":{"start":{"line":55,"column":45},"end":{"line":55,"column":67}},"locations":[{"start":{"line":55,"column":45},"end":{"line":55,"column":67}}]}},"b":{"0":[5],"1":[1],"2":[4],"3":[1],"4":[6],"5":[2],"6":[1],"7":[5],"8":[1],"9":[5],"10":[0],"11":[5],"12":[0],"13":[5],"14":[0]},"fnMap":{"0":{"name":"Breadcrumb","decl":{"start":{"line":10,"column":19},"end":{"line":41,"column":2}},"loc":{"start":{"line":10,"column":19},"end":{"line":41,"column":2}},"line":10},"1":{"name":"handleCategoryClick","decl":{"start":{"line":13,"column":32},"end":{"line":17,"column":6}},"loc":{"start":{"line":13,"column":32},"end":{"line":17,"column":6}},"line":13},"2":{"name":"onClick","decl":{"start":{"line":30,"column":41},"end":{"line":30,"column":80}},"loc":{"start":{"line":30,"column":41},"end":{"line":30,"column":80}},"line":30}},"f":{"0":5,"1":1,"2":1}}
,"/Users/bruno.rilla/Documents/ecommerce/frontend/src/components/ErrorMessage.tsx": {"path":"/Users/bruno.rilla/Documents/ecommerce/frontend/src/components/ErrorMessage.tsx","all":false,"statementMap":{"0":{"start":{"line":1,"column":0},"end":{"line":1,"column":45}},"6":{"start":{"line":7,"column":0},"end":{"line":7,"column":58}},"7":{"start":{"line":8,"column":0},"end":{"line":8,"column":32}},"8":{"start":{"line":9,"column":0},"end":{"line":9,"column":12}},"9":{"start":{"line":10,"column":0},"end":{"line":10,"column":71}},"10":{"start":{"line":11,"column":0},"end":{"line":11,"column":75}},"11":{"start":{"line":12,"column":0},"end":{"line":12,"column":19}},"12":{"start":{"line":13,"column":0},"end":{"line":13,"column":56}},"13":{"start":{"line":14,"column":0},"end":{"line":14,"column":121}},"15":{"start":{"line":16,"column":0},"end":{"line":16,"column":34}},"16":{"start":{"line":17,"column":0},"end":{"line":17,"column":21}},"17":{"start":{"line":18,"column":0},"end":{"line":18,"column":14}},"19":{"start":{"line":20,"column":0},"end":{"line":20,"column":2}},"21":{"start":{"line":22,"column":0},"end":{"line":22,"column":28}}},"s":{"0":1,"6":1,"7":2,"8":2,"9":2,"10":2,"11":2,"12":2,"13":2,"15":2,"16":2,"17":2,"19":2,"21":1},"branchMap":{"0":{"type":"branch","line":7,"loc":{"start":{"line":7,"column":21},"end":{"line":20,"column":2}},"locations":[{"start":{"line":7,"column":21},"end":{"line":20,"column":2}}]}},"b":{"0":[2]},"fnMap":{"0":{"name":"ErrorMessage","decl":{"start":{"line":7,"column":21},"end":{"line":20,"column":2}},"loc":{"start":{"line":7,"column":21},"end":{"line":20,"column":2}},"line":7},"1":{"name":"onClick","decl":{"start":{"line":13,"column":25},"end":{"line":13,"column":56}},"loc":{"start":{"line":13,"column":25},"end":{"line":13,"column":56}},"line":13}},"f":{"0":2,"1":0}}
,"/Users/bruno.rilla/Documents/ecommerce/frontend/src/components/Header.tsx": {"path":"/Users/bruno.rilla/Documents/ecommerce/frontend/src/components/Header.tsx","all":false,"statementMap":{"0":{"start":{"line":1,"column":0},"end":{"line":1,"column":36}},"1":{"start":{"line":2,"column":0},"end":{"line":2,"column":54}},"2":{"start":{"line":3,"column":0},"end":{"line":3,"column":47}},"4":{"start":{"line":5,"column":0},"end":{"line":5,"column":22}},"5":{"start":{"line":6,"column":0},"end":{"line":6,"column":12}},"6":{"start":{"line":7,"column":0},"end":{"line":7,"column":44}},"7":{"start":{"line":8,"column":0},"end":{"line":8,"column":84}},"8":{"start":{"line":9,"column":0},"end":{"line":9,"column":64}},"9":{"start":{"line":10,"column":0},"end":{"line":10,"column":101}},"10":{"start":{"line":11,"column":0},"end":{"line":11,"column":22}},"11":{"start":{"line":12,"column":0},"end":{"line":12,"column":28}},"12":{"start":{"line":13,"column":0},"end":{"line":13,"column":35}},"13":{"start":{"line":14,"column":0},"end":{"line":14,"column":18}},"14":{"start":{"line":15,"column":0},"end":{"line":15,"column":17}},"16":{"start":{"line":17,"column":0},"end":{"line":17,"column":2}},"18":{"start":{"line":19,"column":0},"end":{"line":19,"column":22}}},"s":{"0":1,"1":1,"2":1,"4":1,"5":2,"6":2,"7":2,"8":2,"9":2,"10":2,"11":2,"12":2,"13":2,"14":2,"16":2,"18":1},"branchMap":{"0":{"type":"branch","line":5,"loc":{"start":{"line":5,"column":15},"end":{"line":17,"column":2}},"locations":[{"start":{"line":5,"column":15},"end":{"line":17,"column":2}}]}},"b":{"0":[2]},"fnMap":{"0":{"name":"Header","decl":{"start":{"line":5,"column":15},"end":{"line":17,"column":2}},"loc":{"start":{"line":5,"column":15},"end":{"line":17,"column":2}},"line":5}},"f":{"0":2}}
,"/Users/bruno.rilla/Documents/ecommerce/frontend/src/components/LanguageSelector.tsx": {"path":"/Users/bruno.rilla/Documents/ecommerce/frontend/src/components/LanguageSelector.tsx","all":true,"statementMap":{"0":{"start":{"line":1,"column":0},"end":{"line":1,"column":47}},"2":{"start":{"line":3,"column":0},"end":{"line":3,"column":32}},"3":{"start":{"line":4,"column":0},"end":{"line":4,"column":41}},"6":{"start":{"line":7,"column":0},"end":{"line":7,"column":51}},"7":{"start":{"line":8,"column":0},"end":{"line":8,"column":39}},"8":{"start":{"line":9,"column":0},"end":{"line":9,"column":6}},"10":{"start":{"line":11,"column":0},"end":{"line":11,"column":12}},"11":{"start":{"line":12,"column":0},"end":{"line":12,"column":63}},"12":{"start":{"line":13,"column":0},"end":{"line":13,"column":97}},"13":{"start":{"line":14,"column":0},"end":{"line":14,"column":116}},"14":{"start":{"line":15,"column":0},"end":{"line":15,"column":56}},"15":{"start":{"line":16,"column":0},"end":{"line":16,"column":56}},"16":{"start":{"line":17,"column":0},"end":{"line":17,"column":58}},"17":{"start":{"line":18,"column":0},"end":{"line":18,"column":21}},"18":{"start":{"line":19,"column":0},"end":{"line":19,"column":18}},"20":{"start":{"line":21,"column":0},"end":{"line":21,"column":2}},"22":{"start":{"line":23,"column":0},"end":{"line":23,"column":32}}},"s":{"0":0,"2":0,"3":0,"6":0,"7":0,"8":0,"10":0,"11":0,"12":0,"13":0,"14":0,"15":0,"16":0,"17":0,"18":0,"20":0,"22":0},"branchMap":{"0":{"type":"branch","line":1,"loc":{"start":{"line":1,"column":315},"end":{"line":23,"column":-427}},"locations":[{"start":{"line":1,"column":315},"end":{"line":23,"column":-427}}]}},"b":{"0":[0]},"fnMap":{"0":{"name":"(empty-report)","decl":{"start":{"line":1,"column":315},"end":{"line":23,"column":-427}},"loc":{"start":{"line":1,"column":315},"end":{"line":23,"column":-427}},"line":1}},"f":{"0":0}}
,"/Users/bruno.rilla/Documents/ecommerce/frontend/src/components/LoadingScreen.tsx": {"path":"/Users/bruno.rilla/Documents/ecommerce/frontend/src/components/LoadingScreen.tsx","all":false,"statementMap":{"0":{"start":{"line":1,"column":0},"end":{"line":1,"column":45}},"3":{"start":{"line":4,"column":0},"end":{"line":4,"column":29}},"4":{"start":{"line":5,"column":0},"end":{"line":5,"column":33}},"6":{"start":{"line":7,"column":0},"end":{"line":7,"column":12}},"7":{"start":{"line":8,"column":0},"end":{"line":8,"column":86}},"8":{"start":{"line":9,"column":0},"end":{"line":9,"column":56}},"9":{"start":{"line":10,"column":0},"end":{"line":10,"column":20}},"10":{"start":{"line":11,"column":0},"end":{"line":11,"column":120}},"11":{"start":{"line":12,"column":0},"end":{"line":12,"column":88}},"12":{"start":{"line":13,"column":0},"end":{"line":13,"column":18}},"13":{"start":{"line":14,"column":0},"end":{"line":14,"column":14}},"15":{"start":{"line":16,"column":0},"end":{"line":16,"column":2}},"17":{"start":{"line":18,"column":0},"end":{"line":18,"column":29}}},"s":{"0":1,"3":1,"4":1,"6":1,"7":1,"8":1,"9":1,"10":1,"11":1,"12":1,"13":1,"15":1,"17":1},"branchMap":{"0":{"type":"branch","line":4,"loc":{"start":{"line":4,"column":22},"end":{"line":16,"column":2}},"locations":[{"start":{"line":4,"column":22},"end":{"line":16,"column":2}}]}},"b":{"0":[1]},"fnMap":{"0":{"name":"LoadingScreen","decl":{"start":{"line":4,"column":22},"end":{"line":16,"column":2}},"loc":{"start":{"line":4,"column":22},"end":{"line":16,"column":2}},"line":4}},"f":{"0":1}}
,"/Users/bruno.rilla/Documents/ecommerce/frontend/src/components/ProductDetail.tsx": {"path":"/Users/bruno.rilla/Documents/ecommerce/frontend/src/components/ProductDetail.tsx","all":true,"statementMap":{"0":{"start":{"line":1,"column":0},"end":{"line":1,"column":47}},"7":{"start":{"line":8,"column":0},"end":{"line":8,"column":54}},"8":{"start":{"line":9,"column":0},"end":{"line":9,"column":35}},"10":{"start":{"line":11,"column":0},"end":{"line":11,"column":12}},"11":{"start":{"line":12,"column":0},"end":{"line":12,"column":81}},"12":{"start":{"line":13,"column":0},"end":{"line":13,"column":20}},"13":{"start":{"line":14,"column":0},"end":{"line":14,"column":85}},"14":{"start":{"line":15,"column":0},"end":{"line":15,"column":21}},"16":{"start":{"line":17,"column":0},"end":{"line":17,"column":52}},"17":{"start":{"line":18,"column":0},"end":{"line":18,"column":20}},"18":{"start":{"line":19,"column":0},"end":{"line":19,"column":42}},"19":{"start":{"line":20,"column":0},"end":{"line":20,"column":39}},"20":{"start":{"line":21,"column":0},"end":{"line":21,"column":34}},"21":{"start":{"line":22,"column":0},"end":{"line":22,"column":31}},"22":{"start":{"line":23,"column":0},"end":{"line":23,"column":32}},"23":{"start":{"line":24,"column":0},"end":{"line":24,"column":52}},"24":{"start":{"line":25,"column":0},"end":{"line":25,"column":18}},"25":{"start":{"line":26,"column":0},"end":{"line":26,"column":21}},"27":{"start":{"line":28,"column":0},"end":{"line":28,"column":38}},"28":{"start":{"line":29,"column":0},"end":{"line":29,"column":55}},"29":{"start":{"line":30,"column":0},"end":{"line":30,"column":25}},"30":{"start":{"line":31,"column":0},"end":{"line":31,"column":86}},"31":{"start":{"line":32,"column":0},"end":{"line":32,"column":94}},"32":{"start":{"line":33,"column":0},"end":{"line":33,"column":26}},"33":{"start":{"line":34,"column":0},"end":{"line":34,"column":25}},"34":{"start":{"line":35,"column":0},"end":{"line":35,"column":90}},"35":{"start":{"line":36,"column":0},"end":{"line":36,"column":85}},"36":{"start":{"line":37,"column":0},"end":{"line":37,"column":26}},"37":{"start":{"line":38,"column":0},"end":{"line":38,"column":25}},"38":{"start":{"line":39,"column":0},"end":{"line":39,"column":89}},"39":{"start":{"line":40,"column":0},"end":{"line":40,"column":104}},"40":{"start":{"line":41,"column":0},"end":{"line":41,"column":26}},"41":{"start":{"line":42,"column":0},"end":{"line":42,"column":21}},"42":{"start":{"line":43,"column":0},"end":{"line":43,"column":22}},"44":{"start":{"line":45,"column":0},"end":{"line":45,"column":38}},"45":{"start":{"line":46,"column":0},"end":{"line":46,"column":106}},"46":{"start":{"line":47,"column":0},"end":{"line":47,"column":86}},"47":{"start":{"line":48,"column":0},"end":{"line":48,"column":22}},"48":{"start":{"line":49,"column":0},"end":{"line":49,"column":18}},"50":{"start":{"line":51,"column":0},"end":{"line":51,"column":2}},"52":{"start":{"line":53,"column":0},"end":{"line":53,"column":23}}},"s":{"0":0,"7":0,"8":0,"10":0,"11":0,"12":0,"13":0,"14":0,"16":0,"17":0,"18":0,"19":0,"20":0,"21":0,"22":0,"23":0,"24":0,"25":0,"27":0,"28":0,"29":0,"30":0,"31":0,"32":0,"33":0,"34":0,"35":0,"36":0,"37":0,"38":0,"39":0,"40":0,"41":0,"42":0,"44":0,"45":0,"46":0,"47":0,"48":0,"50":0,"52":0},"branchMap":{"0":{"type":"branch","line":1,"loc":{"start":{"line":1,"column":395},"end":{"line":53,"column":-1024}},"locations":[{"start":{"line":1,"column":395},"end":{"line":53,"column":-1024}}]}},"b":{"0":[0]},"fnMap":{"0":{"name":"(empty-report)","decl":{"start":{"line":1,"column":395},"end":{"line":53,"column":-1024}},"loc":{"start":{"line":1,"column":395},"end":{"line":53,"column":-1024}},"line":1}},"f":{"0":0}}
,"/Users/bruno.rilla/Documents/ecommerce/frontend/src/components/SearchBox.tsx": {"path":"/Users/bruno.rilla/Documents/ecommerce/frontend/src/components/SearchBox.tsx","all":false,"statementMap":{"0":{"start":{"line":1,"column":0},"end":{"line":1,"column":31}},"1":{"start":{"line":2,"column":0},"end":{"line":2,"column":45}},"2":{"start":{"line":3,"column":0},"end":{"line":3,"column":45}},"3":{"start":{"line":4,"column":0},"end":{"line":4,"column":47}},"6":{"start":{"line":7,"column":0},"end":{"line":7,"column":25}},"7":{"start":{"line":8,"column":0},"end":{"line":8,"column":43}},"8":{"start":{"line":9,"column":0},"end":{"line":9,"column":35}},"9":{"start":{"line":10,"column":0},"end":{"line":10,"column":33}},"11":{"start":{"line":12,"column":0},"end":{"line":12,"column":50}},"12":{"start":{"line":13,"column":0},"end":{"line":13,"column":27}},"13":{"start":{"line":14,"column":0},"end":{"line":14,"column":27}},"14":{"start":{"line":15,"column":0},"end":{"line":15,"column":47}},"15":{"start":{"line":16,"column":0},"end":{"line":16,"column":9}},"16":{"start":{"line":17,"column":0},"end":{"line":17,"column":6}},"18":{"start":{"line":19,"column":0},"end":{"line":19,"column":12}},"19":{"start":{"line":20,"column":0},"end":{"line":20,"column":43}},"20":{"start":{"line":21,"column":0},"end":{"line":21,"column":41}},"21":{"start":{"line":22,"column":0},"end":{"line":22,"column":120}},"22":{"start":{"line":23,"column":0},"end":{"line":23,"column":34}},"23":{"start":{"line":24,"column":0},"end":{"line":24,"column":84}},"24":{"start":{"line":25,"column":0},"end":{"line":25,"column":39}},"25":{"start":{"line":26,"column":0},"end":{"line":26,"column":24}},"26":{"start":{"line":27,"column":0},"end":{"line":27,"column":22}},"27":{"start":{"line":28,"column":0},"end":{"line":28,"column":39}},"28":{"start":{"line":29,"column":0},"end":{"line":29,"column":33}},"29":{"start":{"line":30,"column":0},"end":{"line":30,"column":57}},"30":{"start":{"line":31,"column":0},"end":{"line":31,"column":33}},"31":{"start":{"line":32,"column":0},"end":{"line":32,"column":62}},"32":{"start":{"line":33,"column":0},"end":{"line":33,"column":82}},"33":{"start":{"line":34,"column":0},"end":{"line":34,"column":56}},"34":{"start":{"line":35,"column":0},"end":{"line":35,"column":18}},"35":{"start":{"line":36,"column":0},"end":{"line":36,"column":185}},"36":{"start":{"line":37,"column":0},"end":{"line":37,"column":54}},"37":{"start":{"line":38,"column":0},"end":{"line":38,"column":19}},"38":{"start":{"line":39,"column":0},"end":{"line":39,"column":18}},"40":{"start":{"line":41,"column":0},"end":{"line":41,"column":2}},"42":{"start":{"line":43,"column":0},"end":{"line":43,"column":25}}},"s":{"0":1,"1":1,"2":1,"3":1,"6":1,"7":5,"8":5,"9":5,"11":5,"12":1,"13":1,"14":1,"15":1,"16":1,"18":5,"19":5,"20":5,"21":5,"22":5,"23":5,"24":5,"25":5,"26":5,"27":5,"28":5,"29":5,"30":5,"31":5,"32":5,"33":5,"34":5,"35":5,"36":5,"37":5,"38":5,"40":5,"42":1},"branchMap":{"0":{"type":"branch","line":7,"loc":{"start":{"line":7,"column":18},"end":{"line":41,"column":2}},"locations":[{"start":{"line":7,"column":18},"end":{"line":41,"column":2}}]},"1":{"type":"branch","line":12,"loc":{"start":{"line":12,"column":25},"end":{"line":17,"column":6}},"locations":[{"start":{"line":12,"column":25},"end":{"line":17,"column":6}}]},"2":{"type":"branch","line":32,"loc":{"start":{"line":32,"column":30},"end":{"line":32,"column":62}},"locations":[{"start":{"line":32,"column":30},"end":{"line":32,"column":62}}]}},"b":{"0":[5],"1":[1],"2":[2]},"fnMap":{"0":{"name":"SearchBox","decl":{"start":{"line":7,"column":18},"end":{"line":41,"column":2}},"loc":{"start":{"line":7,"column":18},"end":{"line":41,"column":2}},"line":7},"1":{"name":"handleSearch","decl":{"start":{"line":12,"column":25},"end":{"line":17,"column":6}},"loc":{"start":{"line":12,"column":25},"end":{"line":17,"column":6}},"line":12},"2":{"name":"onChange","decl":{"start":{"line":32,"column":30},"end":{"line":32,"column":62}},"loc":{"start":{"line":32,"column":30},"end":{"line":32,"column":62}},"line":32}},"f":{"0":5,"1":1,"2":2}}
,"/Users/bruno.rilla/Documents/ecommerce/frontend/src/components/SearchResultsItem.tsx": {"path":"/Users/bruno.rilla/Documents/ecommerce/frontend/src/components/SearchResultsItem.tsx","all":false,"statementMap":{"7":{"start":{"line":8,"column":0},"end":{"line":8,"column":65}},"8":{"start":{"line":9,"column":0},"end":{"line":9,"column":12}},"9":{"start":{"line":10,"column":0},"end":{"line":10,"column":69}},"10":{"start":{"line":11,"column":0},"end":{"line":11,"column":66}},"11":{"start":{"line":12,"column":0},"end":{"line":12,"column":20}},"12":{"start":{"line":13,"column":0},"end":{"line":13,"column":42}},"13":{"start":{"line":14,"column":0},"end":{"line":14,"column":39}},"14":{"start":{"line":15,"column":0},"end":{"line":15,"column":34}},"15":{"start":{"line":16,"column":0},"end":{"line":16,"column":31}},"16":{"start":{"line":17,"column":0},"end":{"line":17,"column":32}},"17":{"start":{"line":18,"column":0},"end":{"line":18,"column":69}},"18":{"start":{"line":19,"column":0},"end":{"line":19,"column":18}},"19":{"start":{"line":20,"column":0},"end":{"line":20,"column":21}},"21":{"start":{"line":22,"column":0},"end":{"line":22,"column":36}},"22":{"start":{"line":23,"column":0},"end":{"line":23,"column":50}},"23":{"start":{"line":24,"column":0},"end":{"line":24,"column":22}},"24":{"start":{"line":25,"column":0},"end":{"line":25,"column":53}},"25":{"start":{"line":26,"column":0},"end":{"line":26,"column":71}},"26":{"start":{"line":27,"column":0},"end":{"line":27,"column":65}},"28":{"start":{"line":29,"column":0},"end":{"line":29,"column":39}},"29":{"start":{"line":30,"column":0},"end":{"line":30,"column":24}},"30":{"start":{"line":31,"column":0},"end":{"line":31,"column":21}},"32":{"start":{"line":33,"column":0},"end":{"line":33,"column":64}},"33":{"start":{"line":34,"column":0},"end":{"line":34,"column":74}},"34":{"start":{"line":35,"column":0},"end":{"line":35,"column":40}},"35":{"start":{"line":36,"column":0},"end":{"line":36,"column":27}},"36":{"start":{"line":37,"column":0},"end":{"line":37,"column":20}},"37":{"start":{"line":38,"column":0},"end":{"line":38,"column":18}},"38":{"start":{"line":39,"column":0},"end":{"line":39,"column":18}},"40":{"start":{"line":41,"column":0},"end":{"line":41,"column":2}},"42":{"start":{"line":43,"column":0},"end":{"line":43,"column":32}}},"s":{"7":1,"8":8,"9":8,"10":8,"11":8,"12":8,"13":8,"14":8,"15":8,"16":8,"17":8,"18":8,"19":8,"21":8,"22":8,"23":8,"24":8,"25":8,"26":8,"28":8,"29":8,"30":8,"32":8,"33":8,"34":8,"35":8,"36":8,"37":8,"38":8,"40":8,"42":1},"branchMap":{"0":{"type":"branch","line":8,"loc":{"start":{"line":8,"column":25},"end":{"line":41,"column":2}},"locations":[{"start":{"line":8,"column":25},"end":{"line":41,"column":2}}]}},"b":{"0":[8]},"fnMap":{"0":{"name":"SearchResultItem","decl":{"start":{"line":8,"column":25},"end":{"line":41,"column":2}},"loc":{"start":{"line":8,"column":25},"end":{"line":41,"column":2}},"line":8}},"f":{"0":8}}
,"/Users/bruno.rilla/Documents/ecommerce/frontend/src/components/SearchResultsList.tsx": {"path":"/Users/bruno.rilla/Documents/ecommerce/frontend/src/components/SearchResultsList.tsx","all":false,"statementMap":{"0":{"start":{"line":1,"column":0},"end":{"line":1,"column":52}},"7":{"start":{"line":8,"column":0},"end":{"line":8,"column":66}},"8":{"start":{"line":9,"column":0},"end":{"line":9,"column":12}},"9":{"start":{"line":10,"column":0},"end":{"line":10,"column":48}},"10":{"start":{"line":11,"column":0},"end":{"line":11,"column":48}},"11":{"start":{"line":12,"column":0},"end":{"line":12,"column":137}},"12":{"start":{"line":13,"column":0},"end":{"line":13,"column":15}},"13":{"start":{"line":14,"column":0},"end":{"line":14,"column":13}},"15":{"start":{"line":16,"column":0},"end":{"line":16,"column":2}},"17":{"start":{"line":18,"column":0},"end":{"line":18,"column":33}}},"s":{"0":1,"7":1,"8":4,"9":4,"10":4,"11":5,"12":4,"13":4,"15":4,"17":1},"branchMap":{"0":{"type":"branch","line":8,"loc":{"start":{"line":8,"column":26},"end":{"line":16,"column":2}},"locations":[{"start":{"line":8,"column":26},"end":{"line":16,"column":2}}]},"1":{"type":"branch","line":11,"loc":{"start":{"line":11,"column":25},"end":{"line":12,"column":137}},"locations":[{"start":{"line":11,"column":25},"end":{"line":12,"column":137}}]}},"b":{"0":[4],"1":[5]},"fnMap":{"0":{"name":"SearchResultsList","decl":{"start":{"line":8,"column":26},"end":{"line":16,"column":2}},"loc":{"start":{"line":8,"column":26},"end":{"line":16,"column":2}},"line":8}},"f":{"0":4}}
,"/Users/bruno.rilla/Documents/ecommerce/frontend/src/hooks/useProductDetail.ts": {"path":"/Users/bruno.rilla/Documents/ecommerce/frontend/src/hooks/useProductDetail.ts","all":true,"statementMap":{"0":{"start":{"line":1,"column":0},"end":{"line":1,"column":67}},"1":{"start":{"line":2,"column":0},"end":{"line":2,"column":87}},"2":{"start":{"line":3,"column":0},"end":{"line":3,"column":32}},"4":{"start":{"line":5,"column":0},"end":{"line":5,"column":49}},"5":{"start":{"line":6,"column":0},"end":{"line":6,"column":38}},"6":{"start":{"line":7,"column":0},"end":{"line":7,"column":73}},"7":{"start":{"line":8,"column":0},"end":{"line":8,"column":44}},"8":{"start":{"line":9,"column":0},"end":{"line":9,"column":6}},"10":{"start":{"line":11,"column":0},"end":{"line":11,"column":21}},"11":{"start":{"line":12,"column":0},"end":{"line":12,"column":41}},"12":{"start":{"line":13,"column":0},"end":{"line":13,"column":22}},"13":{"start":{"line":14,"column":0},"end":{"line":14,"column":45}},"14":{"start":{"line":15,"column":0},"end":{"line":15,"column":10}},"15":{"start":{"line":16,"column":0},"end":{"line":16,"column":23}},"16":{"start":{"line":17,"column":0},"end":{"line":17,"column":57}},"17":{"start":{"line":18,"column":0},"end":{"line":18,"column":2}}},"s":{"0":0,"1":0,"2":0,"4":0,"5":0,"6":0,"7":0,"8":0,"10":0,"11":0,"12":0,"13":0,"14":0,"15":0,"16":0,"17":0},"branchMap":{"0":{"type":"branch","line":1,"loc":{"start":{"line":1,"column":0},"end":{"line":18,"column":-212}},"locations":[{"start":{"line":1,"column":0},"end":{"line":18,"column":-212}}]}},"b":{"0":[0]},"fnMap":{"0":{"name":"(empty-report)","decl":{"start":{"line":1,"column":0},"end":{"line":18,"column":-212}},"loc":{"start":{"line":1,"column":0},"end":{"line":18,"column":-212}},"line":1}},"f":{"0":0}}
,"/Users/bruno.rilla/Documents/ecommerce/frontend/src/hooks/useSearchProducts.ts": {"path":"/Users/bruno.rilla/Documents/ecommerce/frontend/src/hooks/useSearchProducts.ts","all":false,"statementMap":{"0":{"start":{"line":1,"column":0},"end":{"line":1,"column":67}},"1":{"start":{"line":2,"column":0},"end":{"line":2,"column":62}},"2":{"start":{"line":3,"column":0},"end":{"line":3,"column":34}},"4":{"start":{"line":5,"column":0},"end":{"line":5,"column":72}},"5":{"start":{"line":6,"column":0},"end":{"line":6,"column":38}},"6":{"start":{"line":7,"column":0},"end":{"line":7,"column":73}},"7":{"start":{"line":8,"column":0},"end":{"line":8,"column":44}},"8":{"start":{"line":9,"column":0},"end":{"line":9,"column":6}},"10":{"start":{"line":11,"column":0},"end":{"line":11,"column":21}},"11":{"start":{"line":12,"column":0},"end":{"line":12,"column":32}},"12":{"start":{"line":13,"column":0},"end":{"line":13,"column":57}},"13":{"start":{"line":14,"column":0},"end":{"line":14,"column":9}},"14":{"start":{"line":15,"column":0},"end":{"line":15,"column":36}},"16":{"start":{"line":17,"column":0},"end":{"line":17,"column":57}},"17":{"start":{"line":18,"column":0},"end":{"line":18,"column":2}}},"s":{"0":1,"1":1,"2":1,"4":1,"5":10,"6":10,"7":10,"8":10,"10":10,"11":5,"12":3,"13":3,"14":10,"16":10,"17":10},"branchMap":{"0":{"type":"branch","line":5,"loc":{"start":{"line":5,"column":33},"end":{"line":18,"column":2}},"locations":[{"start":{"line":5,"column":33},"end":{"line":18,"column":2}}]},"1":{"type":"branch","line":8,"loc":{"start":{"line":8,"column":8},"end":{"line":8,"column":44}},"locations":[{"start":{"line":8,"column":8},"end":{"line":8,"column":44}}]},"2":{"type":"branch","line":11,"loc":{"start":{"line":11,"column":14},"end":{"line":15,"column":7}},"locations":[{"start":{"line":11,"column":14},"end":{"line":15,"column":7}}]},"3":{"type":"branch","line":12,"loc":{"start":{"line":12,"column":12},"end":{"line":12,"column":31}},"locations":[{"start":{"line":12,"column":12},"end":{"line":12,"column":31}}]},"4":{"type":"branch","line":12,"loc":{"start":{"line":12,"column":31},"end":{"line":14,"column":9}},"locations":[{"start":{"line":12,"column":31},"end":{"line":14,"column":9}}]}},"b":{"0":[10],"1":[20],"2":[5],"3":[3],"4":[3]},"fnMap":{"0":{"name":"useSearchProducts","decl":{"start":{"line":5,"column":33},"end":{"line":18,"column":2}},"loc":{"start":{"line":5,"column":33},"end":{"line":18,"column":2}},"line":5}},"f":{"0":10}}
,"/Users/bruno.rilla/Documents/ecommerce/frontend/src/pages/HomePage.tsx": {"path":"/Users/bruno.rilla/Documents/ecommerce/frontend/src/pages/HomePage.tsx","all":true,"statementMap":{"0":{"start":{"line":1,"column":0},"end":{"line":1,"column":45}},"2":{"start":{"line":3,"column":0},"end":{"line":3,"column":24}},"3":{"start":{"line":4,"column":0},"end":{"line":4,"column":32}},"5":{"start":{"line":6,"column":0},"end":{"line":6,"column":12}},"6":{"start":{"line":7,"column":0},"end":{"line":7,"column":92}},"7":{"start":{"line":8,"column":0},"end":{"line":8,"column":64}},"8":{"start":{"line":9,"column":0},"end":{"line":9,"column":15}},"10":{"start":{"line":11,"column":0},"end":{"line":11,"column":2}},"12":{"start":{"line":13,"column":0},"end":{"line":13,"column":24}}},"s":{"0":0,"2":0,"3":0,"5":0,"6":0,"7":0,"8":0,"10":0,"12":0},"branchMap":{"0":{"type":"branch","line":1,"loc":{"start":{"line":1,"column":224},"end":{"line":13,"column":-176}},"locations":[{"start":{"line":1,"column":224},"end":{"line":13,"column":-176}}]}},"b":{"0":[0]},"fnMap":{"0":{"name":"(empty-report)","decl":{"start":{"line":1,"column":224},"end":{"line":13,"column":-176}},"loc":{"start":{"line":1,"column":224},"end":{"line":13,"column":-176}},"line":1}},"f":{"0":0}}
,"/Users/bruno.rilla/Documents/ecommerce/frontend/src/pages/ProductDetailPage.tsx": {"path":"/Users/bruno.rilla/Documents/ecommerce/frontend/src/pages/ProductDetailPage.tsx","all":true,"statementMap":{"0":{"start":{"line":1,"column":0},"end":{"line":1,"column":43}},"1":{"start":{"line":2,"column":0},"end":{"line":2,"column":59}},"2":{"start":{"line":3,"column":0},"end":{"line":3,"column":54}},"3":{"start":{"line":4,"column":0},"end":{"line":4,"column":54}},"4":{"start":{"line":5,"column":0},"end":{"line":5,"column":60}},"5":{"start":{"line":6,"column":0},"end":{"line":6,"column":58}},"6":{"start":{"line":7,"column":0},"end":{"line":7,"column":45}},"8":{"start":{"line":9,"column":0},"end":{"line":9,"column":33}},"9":{"start":{"line":10,"column":0},"end":{"line":10,"column":32}},"10":{"start":{"line":11,"column":0},"end":{"line":11,"column":29}},"11":{"start":{"line":12,"column":0},"end":{"line":12,"column":73}},"12":{"start":{"line":13,"column":0},"end":{"line":13,"column":41}},"13":{"start":{"line":14,"column":0},"end":{"line":14,"column":71}},"14":{"start":{"line":15,"column":0},"end":{"line":15,"column":82}},"15":{"start":{"line":16,"column":0},"end":{"line":16,"column":12}},"16":{"start":{"line":17,"column":0},"end":{"line":17,"column":48}},"17":{"start":{"line":18,"column":0},"end":{"line":18,"column":65}},"18":{"start":{"line":19,"column":0},"end":{"line":19,"column":48}},"19":{"start":{"line":20,"column":0},"end":{"line":20,"column":15}},"21":{"start":{"line":22,"column":0},"end":{"line":22,"column":2}},"23":{"start":{"line":24,"column":0},"end":{"line":24,"column":33}}},"s":{"0":0,"1":0,"2":0,"3":0,"4":0,"5":0,"6":0,"8":0,"9":0,"10":0,"11":0,"12":0,"13":0,"14":0,"15":0,"16":0,"17":0,"18":0,"19":0,"21":0,"23":0},"branchMap":{"0":{"type":"branch","line":1,"loc":{"start":{"line":1,"column":576},"end":{"line":24,"column":-546}},"locations":[{"start":{"line":1,"column":576},"end":{"line":24,"column":-546}}]}},"b":{"0":[0]},"fnMap":{"0":{"name":"(empty-report)","decl":{"start":{"line":1,"column":576},"end":{"line":24,"column":-546}},"loc":{"start":{"line":1,"column":576},"end":{"line":24,"column":-546}},"line":1}},"f":{"0":0}}
,"/Users/bruno.rilla/Documents/ecommerce/frontend/src/pages/SearchResultsPage.tsx": {"path":"/Users/bruno.rilla/Documents/ecommerce/frontend/src/pages/SearchResultsPage.tsx","all":false,"statementMap":{"0":{"start":{"line":1,"column":0},"end":{"line":1,"column":51}},"1":{"start":{"line":2,"column":0},"end":{"line":2,"column":63}},"2":{"start":{"line":3,"column":0},"end":{"line":3,"column":47}},"3":{"start":{"line":4,"column":0},"end":{"line":4,"column":64}},"4":{"start":{"line":5,"column":0},"end":{"line":5,"column":54}},"5":{"start":{"line":6,"column":0},"end":{"line":6,"column":60}},"6":{"start":{"line":7,"column":0},"end":{"line":7,"column":58}},"8":{"start":{"line":9,"column":0},"end":{"line":9,"column":33}},"9":{"start":{"line":10,"column":0},"end":{"line":10,"column":45}},"10":{"start":{"line":11,"column":0},"end":{"line":11,"column":51}},"11":{"start":{"line":12,"column":0},"end":{"line":12,"column":56}},"12":{"start":{"line":13,"column":0},"end":{"line":13,"column":93}},"13":{"start":{"line":14,"column":0},"end":{"line":14,"column":35}},"15":{"start":{"line":16,"column":0},"end":{"line":16,"column":43}},"16":{"start":{"line":17,"column":0},"end":{"line":17,"column":72}},"17":{"start":{"line":18,"column":0},"end":{"line":18,"column":88}},"18":{"start":{"line":19,"column":0},"end":{"line":19,"column":13}},"19":{"start":{"line":20,"column":0},"end":{"line":20,"column":12}},"20":{"start":{"line":21,"column":0},"end":{"line":21,"column":61}},"21":{"start":{"line":22,"column":0},"end":{"line":22,"column":50}},"22":{"start":{"line":23,"column":0},"end":{"line":23,"column":57}},"23":{"start":{"line":24,"column":0},"end":{"line":24,"column":18}},"25":{"start":{"line":26,"column":0},"end":{"line":26,"column":2}},"27":{"start":{"line":28,"column":0},"end":{"line":28,"column":33}}},"s":{"0":1,"1":1,"2":1,"3":1,"4":1,"5":1,"6":1,"8":1,"9":4,"10":4,"11":4,"12":4,"13":4,"15":4,"16":4,"17":4,"18":1,"19":1,"20":1,"21":1,"22":1,"23":1,"25":1,"27":1},"branchMap":{"0":{"type":"branch","line":9,"loc":{"start":{"line":9,"column":26},"end":{"line":26,"column":2}},"locations":[{"start":{"line":9,"column":26},"end":{"line":26,"column":2}}]},"1":{"type":"branch","line":16,"loc":{"start":{"line":16,"column":18},"end":{"line":16,"column":43}},"locations":[{"start":{"line":16,"column":18},"end":{"line":16,"column":43}}]},"2":{"type":"branch","line":16,"loc":{"start":{"line":16,"column":40},"end":{"line":17,"column":22}},"locations":[{"start":{"line":16,"column":40},"end":{"line":17,"column":22}}]},"3":{"type":"branch","line":17,"loc":{"start":{"line":17,"column":15},"end":{"line":17,"column":72}},"locations":[{"start":{"line":17,"column":15},"end":{"line":17,"column":72}}]},"4":{"type":"branch","line":17,"loc":{"start":{"line":17,"column":69},"end":{"line":18,"column":38}},"locations":[{"start":{"line":17,"column":69},"end":{"line":18,"column":38}}]},"5":{"type":"branch","line":18,"loc":{"start":{"line":18,"column":31},"end":{"line":26,"column":2}},"locations":[{"start":{"line":18,"column":31},"end":{"line":26,"column":2}}]}},"b":{"0":[4],"1":[1],"2":[3],"3":[1],"4":[2],"5":[1]},"fnMap":{"0":{"name":"SearchResultsPage","decl":{"start":{"line":9,"column":26},"end":{"line":26,"column":2}},"loc":{"start":{"line":9,"column":26},"end":{"line":26,"column":2}},"line":9}},"f":{"0":4}}
,"/Users/bruno.rilla/Documents/ecommerce/frontend/src/services/productService.ts": {"path":"/Users/bruno.rilla/Documents/ecommerce/frontend/src/services/productService.ts","all":false,"statementMap":{"0":{"start":{"line":1,"column":0},"end":{"line":1,"column":26}},"1":{"start":{"line":2,"column":0},"end":{"line":2,"column":80}},"3":{"start":{"line":4,"column":0},"end":{"line":4,"column":45}},"5":{"start":{"line":6,"column":0},"end":{"line":6,"column":82}},"6":{"start":{"line":7,"column":0},"end":{"line":7,"column":9}},"7":{"start":{"line":8,"column":0},"end":{"line":8,"column":41}},"8":{"start":{"line":9,"column":0},"end":{"line":9,"column":20}},"9":{"start":{"line":10,"column":0},"end":{"line":10,"column":33}},"10":{"start":{"line":11,"column":0},"end":{"line":11,"column":30}},"11":{"start":{"line":12,"column":0},"end":{"line":12,"column":43}},"12":{"start":{"line":13,"column":0},"end":{"line":13,"column":9}},"14":{"start":{"line":15,"column":0},"end":{"line":15,"column":46}},"15":{"start":{"line":16,"column":0},"end":{"line":16,"column":16}},"16":{"start":{"line":17,"column":0},"end":{"line":17,"column":57}},"17":{"start":{"line":18,"column":0},"end":{"line":18,"column":48}},"18":{"start":{"line":19,"column":0},"end":{"line":19,"column":10}},"19":{"start":{"line":20,"column":0},"end":{"line":20,"column":26}},"20":{"start":{"line":21,"column":0},"end":{"line":21,"column":78}},"21":{"start":{"line":22,"column":0},"end":{"line":22,"column":5}},"22":{"start":{"line":23,"column":0},"end":{"line":23,"column":2}},"24":{"start":{"line":25,"column":0},"end":{"line":25,"column":64}},"25":{"start":{"line":26,"column":0},"end":{"line":26,"column":9}},"26":{"start":{"line":27,"column":0},"end":{"line":27,"column":71}},"27":{"start":{"line":28,"column":0},"end":{"line":28,"column":54}},"28":{"start":{"line":29,"column":0},"end":{"line":29,"column":26}},"29":{"start":{"line":30,"column":0},"end":{"line":30,"column":90}},"30":{"start":{"line":31,"column":0},"end":{"line":31,"column":5}},"31":{"start":{"line":32,"column":0},"end":{"line":32,"column":2}},"33":{"start":{"line":34,"column":0},"end":{"line":34,"column":74}},"34":{"start":{"line":35,"column":0},"end":{"line":35,"column":9}},"35":{"start":{"line":36,"column":0},"end":{"line":36,"column":84}},"36":{"start":{"line":37,"column":0},"end":{"line":37,"column":85}},"37":{"start":{"line":38,"column":0},"end":{"line":38,"column":26}},"38":{"start":{"line":39,"column":0},"end":{"line":39,"column":91}},"39":{"start":{"line":40,"column":0},"end":{"line":40,"column":5}},"40":{"start":{"line":41,"column":0},"end":{"line":41,"column":2}}},"s":{"0":1,"1":1,"3":1,"5":1,"6":7,"7":7,"8":7,"9":5,"10":7,"11":2,"12":2,"14":7,"15":5,"16":5,"17":5,"18":5,"19":6,"20":1,"21":1,"22":7,"24":1,"25":2,"26":2,"27":1,"28":1,"29":1,"30":1,"31":2,"33":1,"34":2,"35":2,"36":1,"37":1,"38":1,"39":1,"40":2},"branchMap":{"0":{"type":"branch","line":6,"loc":{"start":{"line":6,"column":36},"end":{"line":23,"column":2}},"locations":[{"start":{"line":6,"column":36},"end":{"line":23,"column":2}}]},"1":{"type":"branch","line":9,"loc":{"start":{"line":9,"column":19},"end":{"line":11,"column":19}},"locations":[{"start":{"line":9,"column":19},"end":{"line":11,"column":19}}]},"2":{"type":"branch","line":11,"loc":{"start":{"line":11,"column":8},"end":{"line":13,"column":9}},"locations":[{"start":{"line":11,"column":8},"end":{"line":13,"column":9}}]},"3":{"type":"branch","line":15,"loc":{"start":{"line":15,"column":44},"end":{"line":22,"column":5}},"locations":[{"start":{"line":15,"column":44},"end":{"line":22,"column":5}}]},"4":{"type":"branch","line":15,"loc":{"start":{"line":15,"column":44},"end":{"line":20,"column":13}},"locations":[{"start":{"line":15,"column":44},"end":{"line":20,"column":13}}]},"5":{"type":"branch","line":20,"loc":{"start":{"line":20,"column":4},"end":{"line":22,"column":5}},"locations":[{"start":{"line":20,"column":4},"end":{"line":22,"column":5}}]},"6":{"type":"branch","line":25,"loc":{"start":{"line":25,"column":41},"end":{"line":32,"column":2}},"locations":[{"start":{"line":25,"column":41},"end":{"line":32,"column":2}}]},"7":{"type":"branch","line":27,"loc":{"start":{"line":27,"column":69},"end":{"line":31,"column":5}},"locations":[{"start":{"line":27,"column":69},"end":{"line":31,"column":5}}]},"8":{"type":"branch","line":34,"loc":{"start":{"line":34,"column":43},"end":{"line":41,"column":2}},"locations":[{"start":{"line":34,"column":43},"end":{"line":41,"column":2}}]},"9":{"type":"branch","line":36,"loc":{"start":{"line":36,"column":82},"end":{"line":40,"column":5}},"locations":[{"start":{"line":36,"column":82},"end":{"line":40,"column":5}}]},"10":{"type":"branch","line":37,"loc":{"start":{"line":37,"column":48},"end":{"line":37,"column":83}},"locations":[{"start":{"line":37,"column":48},"end":{"line":37,"column":83}}]}},"b":{"0":[7],"1":[5],"2":[2],"3":[6],"4":[5],"5":[1],"6":[2],"7":[1],"8":[2],"9":[1],"10":[2]},"fnMap":{"0":{"name":"fetchProductsService","decl":{"start":{"line":6,"column":36},"end":{"line":23,"column":2}},"loc":{"start":{"line":6,"column":36},"end":{"line":23,"column":2}},"line":6},"1":{"name":"fetchProductDetailService","decl":{"start":{"line":25,"column":41},"end":{"line":32,"column":2}},"loc":{"start":{"line":25,"column":41},"end":{"line":32,"column":2}},"line":25},"2":{"name":"fetchProductCategoryService","decl":{"start":{"line":34,"column":43},"end":{"line":41,"column":2}},"loc":{"start":{"line":34,"column":43},"end":{"line":41,"column":2}},"line":34}},"f":{"0":7,"1":2,"2":2}}
,"/Users/bruno.rilla/Documents/ecommerce/frontend/src/store/index.ts": {"path":"/Users/bruno.rilla/Documents/ecommerce/frontend/src/store/index.ts","all":false,"statementMap":{"0":{"start":{"line":1,"column":0},"end":{"line":1,"column":50}},"1":{"start":{"line":2,"column":0},"end":{"line":2,"column":60}},"2":{"start":{"line":3,"column":0},"end":{"line":3,"column":55}},"4":{"start":{"line":5,"column":0},"end":{"line":5,"column":37}},"5":{"start":{"line":6,"column":0},"end":{"line":6,"column":14}},"6":{"start":{"line":7,"column":0},"end":{"line":7,"column":34}},"7":{"start":{"line":8,"column":0},"end":{"line":8,"column":6}},"8":{"start":{"line":9,"column":0},"end":{"line":9,"column":3}},"13":{"start":{"line":14,"column":0},"end":{"line":14,"column":63}},"14":{"start":{"line":15,"column":0},"end":{"line":15,"column":42}},"16":{"start":{"line":17,"column":0},"end":{"line":17,"column":21}}},"s":{"0":1,"1":1,"2":1,"4":1,"5":1,"6":1,"7":1,"8":1,"13":1,"14":1,"16":1},"branchMap":{"0":{"type":"branch","line":14,"loc":{"start":{"line":14,"column":30},"end":{"line":14,"column":63}},"locations":[{"start":{"line":14,"column":30},"end":{"line":14,"column":63}}]}},"b":{"0":[10]},"fnMap":{"0":{"name":"useAppDispatch","decl":{"start":{"line":14,"column":30},"end":{"line":14,"column":63}},"loc":{"start":{"line":14,"column":30},"end":{"line":14,"column":63}},"line":14}},"f":{"0":10}}
,"/Users/bruno.rilla/Documents/ecommerce/frontend/src/store/slices/productsSlice.ts": {"path":"/Users/bruno.rilla/Documents/ecommerce/frontend/src/store/slices/productsSlice.ts","all":false,"statementMap":{"0":{"start":{"line":1,"column":0},"end":{"line":1,"column":65}},"1":{"start":{"line":2,"column":0},"end":{"line":2,"column":8}},"36":{"start":{"line":37,"column":0},"end":{"line":37,"column":37}},"37":{"start":{"line":38,"column":0},"end":{"line":38,"column":19}},"38":{"start":{"line":39,"column":0},"end":{"line":39,"column":22}},"39":{"start":{"line":40,"column":0},"end":{"line":40,"column":26}},"40":{"start":{"line":41,"column":0},"end":{"line":41,"column":19}},"41":{"start":{"line":42,"column":0},"end":{"line":42,"column":16}},"42":{"start":{"line":43,"column":0},"end":{"line":43,"column":2}},"44":{"start":{"line":45,"column":0},"end":{"line":45,"column":46}},"45":{"start":{"line":46,"column":0},"end":{"line":46,"column":29}},"46":{"start":{"line":47,"column":0},"end":{"line":47,"column":96}},"47":{"start":{"line":48,"column":0},"end":{"line":48,"column":13}},"48":{"start":{"line":49,"column":0},"end":{"line":49,"column":63}},"49":{"start":{"line":50,"column":0},"end":{"line":50,"column":30}},"50":{"start":{"line":51,"column":0},"end":{"line":51,"column":50}},"51":{"start":{"line":52,"column":0},"end":{"line":52,"column":9}},"52":{"start":{"line":53,"column":0},"end":{"line":53,"column":5}},"53":{"start":{"line":54,"column":0},"end":{"line":54,"column":2}},"55":{"start":{"line":56,"column":0},"end":{"line":56,"column":51}},"56":{"start":{"line":57,"column":0},"end":{"line":57,"column":34}},"57":{"start":{"line":58,"column":0},"end":{"line":58,"column":48}},"58":{"start":{"line":59,"column":0},"end":{"line":59,"column":13}},"59":{"start":{"line":60,"column":0},"end":{"line":60,"column":55}},"60":{"start":{"line":61,"column":0},"end":{"line":61,"column":30}},"61":{"start":{"line":62,"column":0},"end":{"line":62,"column":50}},"62":{"start":{"line":63,"column":0},"end":{"line":63,"column":9}},"63":{"start":{"line":64,"column":0},"end":{"line":64,"column":5}},"64":{"start":{"line":65,"column":0},"end":{"line":65,"column":2}},"66":{"start":{"line":67,"column":0},"end":{"line":67,"column":53}},"67":{"start":{"line":68,"column":0},"end":{"line":68,"column":36}},"68":{"start":{"line":69,"column":0},"end":{"line":69,"column":56}},"69":{"start":{"line":70,"column":0},"end":{"line":70,"column":13}},"70":{"start":{"line":71,"column":0},"end":{"line":71,"column":65}},"71":{"start":{"line":72,"column":0},"end":{"line":72,"column":30}},"72":{"start":{"line":73,"column":0},"end":{"line":73,"column":50}},"73":{"start":{"line":74,"column":0},"end":{"line":74,"column":9}},"74":{"start":{"line":75,"column":0},"end":{"line":75,"column":5}},"75":{"start":{"line":76,"column":0},"end":{"line":76,"column":2}},"77":{"start":{"line":78,"column":0},"end":{"line":78,"column":35}},"78":{"start":{"line":79,"column":0},"end":{"line":79,"column":21}},"79":{"start":{"line":80,"column":0},"end":{"line":80,"column":17}},"80":{"start":{"line":81,"column":0},"end":{"line":81,"column":15}},"81":{"start":{"line":82,"column":0},"end":{"line":82,"column":42}},"82":{"start":{"line":83,"column":0},"end":{"line":83,"column":41}},"83":{"start":{"line":84,"column":0},"end":{"line":84,"column":34}},"84":{"start":{"line":85,"column":0},"end":{"line":85,"column":10}},"85":{"start":{"line":86,"column":0},"end":{"line":86,"column":6}},"86":{"start":{"line":87,"column":0},"end":{"line":87,"column":33}},"87":{"start":{"line":88,"column":0},"end":{"line":88,"column":15}},"88":{"start":{"line":89,"column":0},"end":{"line":89,"column":56}},"89":{"start":{"line":90,"column":0},"end":{"line":90,"column":37}},"90":{"start":{"line":91,"column":0},"end":{"line":91,"column":35}},"91":{"start":{"line":92,"column":0},"end":{"line":92,"column":14}},"92":{"start":{"line":93,"column":0},"end":{"line":93,"column":66}},"93":{"start":{"line":94,"column":0},"end":{"line":94,"column":38}},"94":{"start":{"line":95,"column":0},"end":{"line":95,"column":59}},"95":{"start":{"line":96,"column":0},"end":{"line":96,"column":61}},"96":{"start":{"line":97,"column":0},"end":{"line":97,"column":14}},"97":{"start":{"line":98,"column":0},"end":{"line":98,"column":65}},"98":{"start":{"line":99,"column":0},"end":{"line":99,"column":38}},"99":{"start":{"line":100,"column":0},"end":{"line":100,"column":55}},"100":{"start":{"line":101,"column":0},"end":{"line":101,"column":14}},"101":{"start":{"line":102,"column":0},"end":{"line":102,"column":61}},"102":{"start":{"line":103,"column":0},"end":{"line":103,"column":37}},"103":{"start":{"line":104,"column":0},"end":{"line":104,"column":35}},"104":{"start":{"line":105,"column":0},"end":{"line":105,"column":14}},"105":{"start":{"line":106,"column":0},"end":{"line":106,"column":71}},"106":{"start":{"line":107,"column":0},"end":{"line":107,"column":38}},"107":{"start":{"line":108,"column":0},"end":{"line":108,"column":55}},"108":{"start":{"line":109,"column":0},"end":{"line":109,"column":14}},"109":{"start":{"line":110,"column":0},"end":{"line":110,"column":70}},"110":{"start":{"line":111,"column":0},"end":{"line":111,"column":38}},"111":{"start":{"line":112,"column":0},"end":{"line":112,"column":55}},"112":{"start":{"line":113,"column":0},"end":{"line":113,"column":14}},"113":{"start":{"line":114,"column":0},"end":{"line":114,"column":73}},"114":{"start":{"line":115,"column":0},"end":{"line":115,"column":50}},"115":{"start":{"line":116,"column":0},"end":{"line":116,"column":15}},"117":{"start":{"line":118,"column":0},"end":{"line":118,"column":6}},"118":{"start":{"line":119,"column":0},"end":{"line":119,"column":3}},"120":{"start":{"line":121,"column":0},"end":{"line":121,"column":62}},"121":{"start":{"line":122,"column":0},"end":{"line":122,"column":37}}},"s":{"0":1,"1":1,"36":1,"37":1,"38":1,"39":1,"40":1,"41":1,"42":1,"44":1,"45":1,"46":1,"47":5,"48":5,"49":5,"50":0,"51":0,"52":5,"53":1,"55":1,"56":1,"57":1,"58":0,"59":0,"60":0,"61":0,"62":0,"63":0,"64":1,"66":1,"67":1,"68":1,"69":0,"70":0,"71":0,"72":0,"73":0,"74":0,"75":1,"77":1,"78":1,"79":1,"80":1,"81":1,"82":1,"83":1,"84":1,"85":1,"86":1,"87":2,"88":2,"89":4,"90":4,"91":2,"92":2,"93":4,"94":4,"95":4,"96":2,"97":2,"98":1,"99":1,"100":2,"101":2,"102":0,"103":0,"104":2,"105":2,"106":1,"107":1,"108":2,"109":2,"110":0,"111":0,"112":2,"113":2,"114":1,"115":2,"117":2,"118":1,"120":1,"121":1},"branchMap":{"0":{"type":"branch","line":47,"loc":{"start":{"line":47,"column":4},"end":{"line":53,"column":5}},"locations":[{"start":{"line":47,"column":4},"end":{"line":53,"column":5}}]},"1":{"type":"branch","line":50,"loc":{"start":{"line":50,"column":8},"end":{"line":52,"column":9}},"locations":[{"start":{"line":50,"column":8},"end":{"line":52,"column":9}}]},"2":{"type":"branch","line":82,"loc":{"start":{"line":82,"column":30},"end":{"line":85,"column":10}},"locations":[{"start":{"line":82,"column":30},"end":{"line":85,"column":10}}]},"3":{"type":"branch","line":87,"loc":{"start":{"line":87,"column":19},"end":{"line":118,"column":6}},"locations":[{"start":{"line":87,"column":19},"end":{"line":118,"column":6}}]},"4":{"type":"branch","line":89,"loc":{"start":{"line":89,"column":44},"end":{"line":92,"column":13}},"locations":[{"start":{"line":89,"column":44},"end":{"line":92,"column":13}}]},"5":{"type":"branch","line":93,"loc":{"start":{"line":93,"column":46},"end":{"line":97,"column":13}},"locations":[{"start":{"line":93,"column":46},"end":{"line":97,"column":13}}]},"6":{"type":"branch","line":98,"loc":{"start":{"line":98,"column":45},"end":{"line":101,"column":13}},"locations":[{"start":{"line":98,"column":45},"end":{"line":101,"column":13}}]},"7":{"type":"branch","line":106,"loc":{"start":{"line":106,"column":51},"end":{"line":109,"column":13}},"locations":[{"start":{"line":106,"column":51},"end":{"line":109,"column":13}}]},"8":{"type":"branch","line":114,"loc":{"start":{"line":114,"column":53},"end":{"line":116,"column":13}},"locations":[{"start":{"line":114,"column":53},"end":{"line":116,"column":13}}]}},"b":{"0":[5],"1":[0],"2":[1],"3":[2],"4":[4],"5":[4],"6":[1],"7":[1],"8":[1]},"fnMap":{"0":{"name":"clearSelectedProduct","decl":{"start":{"line":82,"column":30},"end":{"line":85,"column":10}},"loc":{"start":{"line":82,"column":30},"end":{"line":85,"column":10}},"line":82},"1":{"name":"extraReducers","decl":{"start":{"line":87,"column":19},"end":{"line":118,"column":6}},"loc":{"start":{"line":87,"column":19},"end":{"line":118,"column":6}},"line":87}},"f":{"0":1,"1":2}}
}
